[13327][1564136412861][shared][info]["EventBus\\x7einitialize - Success"]
[13327][1564136412863][shared][info]["Messaging\\x7eboot - Success"]
[13327][1564136412868][shared][info]["Telemetry\\x7eboot - Success"]
[13327][1564136412869][shared][info]["bootConfigurations\\x7einitialize - Success"]
[13327][1564136412872][shared][info]["Settings\\x7eboot - Success"]
[13327][1564136412873][shared][info]["Migrations: Starting migrations"]
[13327][1564136412873][shared][info]["Migrations: Walking migration","0000_initial"]
[13327][1564136412873][shared][info]["Migrations: Walking migration","0001_add_archived_resources_table"]
[13327][1564136412873][shared][info]["Migrations: Walking migration","0002_add_variable_sessions_table"]
[13327][1564136412873][shared][info]["Migrations: Walking migration","0003_add_editor_tables"]
[13327][1564136412873][shared][info]["Migrations: Walking migration","0004_migrate_ws_session_data"]
[13327][1564136412874][shared][info]["Migrations: Walking migration","0005_cleanup_request_response_and_history_body"]
[13327][1564136412874][shared][info]["Migrations: Walking migration","0006_add_dbp_to_request_response_and_history"]
[13327][1564136412874][shared][info]["Migrations: Walking migration","0007_add_sync_client_buckets_by_order_id_table"]
[13327][1564136412874][shared][info]["Migrations: Walking migration","0008_migrate_to_sync_client_buckets_by_order_id"]
[13327][1564136412874][shared][info]["Migrations: Walking migration","0009_remove_sync_client_buckets_table"]
[13327][1564136412874][shared][info]["Migrations: Walking migration","0010_add_history_owner"]
[13327][1564136412874][shared][info]["Migrations: Walking migration","0011_add_history_response_table"]
[13327][1564136412874][shared][info]["Migrations: Walking migration","0012_add_user_data_table"]
[13327][1564136412874][shared][info]["Migrations: Walking migration","0013_sanitize_request_response_and_history_methods"]
[13327][1564136412874][shared][info]["Migrations: Walking migration","0014_sanitize_response_requestobject_rawmodedata"]
[13327][1564136412875][shared][info]["Migrations: Starting migration","0000_initial"]
[13327][1564136412875][shared][info]["Migrations: Setting context before starting migration","0000_initial",{"0000_initial":"started"}]
[13327][1564136412875][shared][info]["Migrations: Applying migration","0000_initial"]
[13327][1564136412875][shared][info]["Migrations: Upgrading IndexedDB to version","0000_initial",1]
[13327][1564136412876][shared][info]["Migrations: Adding pending commit to queue","0000_initial"]
[13327][1564136412876][shared][info]["Migrations: Starting migration","0001_add_archived_resources_table"]
[13327][1564136412876][shared][info]["Migrations: Setting context before starting migration","0001_add_archived_resources_table",{"0000_initial":"started","0001_add_archived_resources_table":"started"}]
[13327][1564136412876][shared][info]["Migrations: Applying migration","0001_add_archived_resources_table"]
[13327][1564136412877][shared][info]["Migrations: Upgrading IndexedDB to version","0001_add_archived_resources_table",2]
[13327][1564136412877][shared][info]["Migrations: Adding pending commit to queue","0001_add_archived_resources_table"]
[13327][1564136412877][shared][info]["Migrations: Starting migration","0002_add_variable_sessions_table"]
[13327][1564136412878][shared][info]["Migrations: Setting context before starting migration","0002_add_variable_sessions_table",{"0000_initial":"started","0001_add_archived_resources_table":"started","0002_add_variable_sessions_table":"started"}]
[13327][1564136412878][shared][info]["Migrations: Applying migration","0002_add_variable_sessions_table"]
[13327][1564136412878][shared][info]["Migrations: Upgrading IndexedDB to version","0002_add_variable_sessions_table",3]
[13327][1564136412879][shared][info]["Migrations: Adding pending commit to queue","0002_add_variable_sessions_table"]
[13327][1564136412879][shared][info]["Migrations: Starting migration","0003_add_editor_tables"]
[13327][1564136412879][shared][info]["Migrations: Setting context before starting migration","0003_add_editor_tables",{"0000_initial":"started","0001_add_archived_resources_table":"started","0002_add_variable_sessions_table":"started","0003_add_editor_tables":"started"}]
[13327][1564136412879][shared][info]["Migrations: Applying migration","0003_add_editor_tables"]
[13327][1564136412879][shared][info]["Migrations: Upgrading IndexedDB to version","0003_add_editor_tables",4]
[13327][1564136412880][shared][info]["Migrations: Adding pending commit to queue","0003_add_editor_tables"]
[13327][1564136412880][shared][info]["Migrations: Starting migration","0004_migrate_ws_session_data"]
[13327][1564136412880][shared][info]["Migrations: Flushing pending migrations for","0004_migrate_ws_session_data"]
[13327][1564136412880][shared][info]["Migrations: Flushing pending commit for type","IndexeddbSchemaMigration"]
[13327][1564136412880][shared][info]["Migrations: Committing IndexedDB upgrade"]
[13327][1564136412897][shared][info]["Migrations: Updating status in migration context",{"0000_initial":"started","0001_add_archived_resources_table":"started","0002_add_variable_sessions_table":"started","0003_add_editor_tables":"started"}]
[13327][1564136412897][shared][info]["Migrations: Updated status in migration context",{"0000_initial":"finished","0001_add_archived_resources_table":"finished","0002_add_variable_sessions_table":"finished","0003_add_editor_tables":"finished"}]
[13327][1564136412898][shared][info]["Migrations: Setting context before starting migration","0004_migrate_ws_session_data",{"0000_initial":"finished","0001_add_archived_resources_table":"finished","0002_add_variable_sessions_table":"finished","0003_add_editor_tables":"finished","0004_migrate_ws_session_data":"started"}]
[13327][1564136412898][shared][info]["Migrations: Applying migration","0004_migrate_ws_session_data"]
[13327][1564136412898][shared][info]["Migrations: Processing IndexedDB data migration","0004_migrate_ws_session_data"]
[13327][1564136412899][shared][info]["Migration\\x7eTabs: Starting migration"]
[13327][1564136412908][shared][info]["Migration\\x7eTabs: Completed transformation"]
[13327][1564136412908][shared][info]["Migration\\x7eTabs: Creating editors"]
[13327][1564136412910][shared][info]["Migration\\x7eTabs: Creating editor models"]
[13327][1564136412911][shared][info]["Migrations: Saving migration context after completion","0004_migrate_ws_session_data",{"0000_initial":"finished","0001_add_archived_resources_table":"finished","0002_add_variable_sessions_table":"finished","0003_add_editor_tables":"finished","0004_migrate_ws_session_data":"started"}]
[13327][1564136412911][shared][info]["Migrations: Starting migration","0005_cleanup_request_response_and_history_body"]
[13327][1564136412911][shared][info]["Migrations: Flushing pending migrations for","0005_cleanup_request_response_and_history_body"]
[13327][1564136412911][shared][info]["Migrations: Updating status in migration context",{"0000_initial":"finished","0001_add_archived_resources_table":"finished","0002_add_variable_sessions_table":"finished","0003_add_editor_tables":"finished","0004_migrate_ws_session_data":"finished"}]
[13327][1564136412912][shared][info]["Migrations: Updated status in migration context",{"0000_initial":"finished","0001_add_archived_resources_table":"finished","0002_add_variable_sessions_table":"finished","0003_add_editor_tables":"finished","0004_migrate_ws_session_data":"finished"}]
[13327][1564136412912][shared][info]["Migrations: Setting context before starting migration","0005_cleanup_request_response_and_history_body",{"0000_initial":"finished","0001_add_archived_resources_table":"finished","0002_add_variable_sessions_table":"finished","0003_add_editor_tables":"finished","0004_migrate_ws_session_data":"finished","0005_cleanup_request_response_and_history_body":"started"}]
[13327][1564136412912][shared][info]["Migrations: Applying migration","0005_cleanup_request_response_and_history_body"]
[13327][1564136412912][shared][info]["Migrations: Processing IndexedDB data migration","0005_cleanup_request_response_and_history_body"]
[13327][1564136412915][shared][info]["Migrations: Saving migration context after completion","0005_cleanup_request_response_and_history_body",{"0000_initial":"finished","0001_add_archived_resources_table":"finished","0002_add_variable_sessions_table":"finished","0003_add_editor_tables":"finished","0004_migrate_ws_session_data":"finished","0005_cleanup_request_response_and_history_body":"started"}]
[13327][1564136412916][shared][info]["Migrations: Starting migration","0006_add_dbp_to_request_response_and_history"]
[13327][1564136412916][shared][info]["Migrations: Flushing pending migrations for","0006_add_dbp_to_request_response_and_history"]
[13327][1564136412916][shared][info]["Migrations: Updating status in migration context",{"0000_initial":"finished","0001_add_archived_resources_table":"finished","0002_add_variable_sessions_table":"finished","0003_add_editor_tables":"finished","0004_migrate_ws_session_data":"finished","0005_cleanup_request_response_and_history_body":"finished"}]
[13327][1564136412916][shared][info]["Migrations: Updated status in migration context",{"0000_initial":"finished","0001_add_archived_resources_table":"finished","0002_add_variable_sessions_table":"finished","0003_add_editor_tables":"finished","0004_migrate_ws_session_data":"finished","0005_cleanup_request_response_and_history_body":"finished"}]
[13327][1564136412916][shared][info]["Migrations: Setting context before starting migration","0006_add_dbp_to_request_response_and_history",{"0000_initial":"finished","0001_add_archived_resources_table":"finished","0002_add_variable_sessions_table":"finished","0003_add_editor_tables":"finished","0004_migrate_ws_session_data":"finished","0005_cleanup_request_response_and_history_body":"finished","0006_add_dbp_to_request_response_and_history":"started"}]
[13327][1564136412917][shared][info]["Migrations: Applying migration","0006_add_dbp_to_request_response_and_history"]
[13327][1564136412917][shared][info]["Migrations: Processing IndexedDB data migration","0006_add_dbp_to_request_response_and_history"]
[13327][1564136412919][shared][info]["Migrations: Saving migration context after completion","0006_add_dbp_to_request_response_and_history",{"0000_initial":"finished","0001_add_archived_resources_table":"finished","0002_add_variable_sessions_table":"finished","0003_add_editor_tables":"finished","0004_migrate_ws_session_data":"finished","0005_cleanup_request_response_and_history_body":"finished","0006_add_dbp_to_request_response_and_history":"started"}]
[13327][1564136412919][shared][info]["Migrations: Starting migration","0007_add_sync_client_buckets_by_order_id_table"]
[13327][1564136412919][shared][info]["Migrations: Setting context before starting migration","0007_add_sync_client_buckets_by_order_id_table",{"0000_initial":"finished","0001_add_archived_resources_table":"finished","0002_add_variable_sessions_table":"finished","0003_add_editor_tables":"finished","0004_migrate_ws_session_data":"finished","0005_cleanup_request_response_and_history_body":"finished","0006_add_dbp_to_request_response_and_history":"finished","0007_add_sync_client_buckets_by_order_id_table":"started"}]
[13327][1564136412920][shared][info]["Migrations: Applying migration","0007_add_sync_client_buckets_by_order_id_table"]
[13327][1564136412920][shared][info]["Migrations: Upgrading IndexedDB to version","0007_add_sync_client_buckets_by_order_id_table",5]
[13327][1564136412920][shared][info]["Migrations: Adding pending commit to queue","0007_add_sync_client_buckets_by_order_id_table"]
[13327][1564136412920][shared][info]["Migrations: Starting migration","0008_migrate_to_sync_client_buckets_by_order_id"]
[13327][1564136412921][shared][info]["Migrations: Flushing pending migrations for","0008_migrate_to_sync_client_buckets_by_order_id"]
[13327][1564136412921][shared][info]["Migrations: Flushing pending commit for type","IndexeddbSchemaMigration"]
[13327][1564136412921][shared][info]["Migrations: Committing IndexedDB upgrade"]
[13327][1564136412925][shared][info]["Migrations: Updating status in migration context",{"0000_initial":"finished","0001_add_archived_resources_table":"finished","0002_add_variable_sessions_table":"finished","0003_add_editor_tables":"finished","0004_migrate_ws_session_data":"finished","0005_cleanup_request_response_and_history_body":"finished","0006_add_dbp_to_request_response_and_history":"finished","0007_add_sync_client_buckets_by_order_id_table":"started"}]
[13327][1564136412925][shared][info]["Migrations: Updated status in migration context",{"0000_initial":"finished","0001_add_archived_resources_table":"finished","0002_add_variable_sessions_table":"finished","0003_add_editor_tables":"finished","0004_migrate_ws_session_data":"finished","0005_cleanup_request_response_and_history_body":"finished","0006_add_dbp_to_request_response_and_history":"finished","0007_add_sync_client_buckets_by_order_id_table":"finished"}]
[13327][1564136412926][shared][info]["Migrations: Setting context before starting migration","0008_migrate_to_sync_client_buckets_by_order_id",{"0000_initial":"finished","0001_add_archived_resources_table":"finished","0002_add_variable_sessions_table":"finished","0003_add_editor_tables":"finished","0004_migrate_ws_session_data":"finished","0005_cleanup_request_response_and_history_body":"finished","0006_add_dbp_to_request_response_and_history":"finished","0007_add_sync_client_buckets_by_order_id_table":"finished","0008_migrate_to_sync_client_buckets_by_order_id":"started"}]
[13327][1564136412926][shared][info]["Migrations: Applying migration","0008_migrate_to_sync_client_buckets_by_order_id"]
[13327][1564136412926][shared][info]["Migrations: Processing IndexedDB data migration","0008_migrate_to_sync_client_buckets_by_order_id"]
[13327][1564136412927][shared][info]["Migrations: Saving migration context after completion","0008_migrate_to_sync_client_buckets_by_order_id",{"0000_initial":"finished","0001_add_archived_resources_table":"finished","0002_add_variable_sessions_table":"finished","0003_add_editor_tables":"finished","0004_migrate_ws_session_data":"finished","0005_cleanup_request_response_and_history_body":"finished","0006_add_dbp_to_request_response_and_history":"finished","0007_add_sync_client_buckets_by_order_id_table":"finished","0008_migrate_to_sync_client_buckets_by_order_id":"started"}]
[13327][1564136412928][shared][info]["Migrations: Starting migration","0009_remove_sync_client_buckets_table"]
[13327][1564136412928][shared][info]["Migrations: Setting context before starting migration","0009_remove_sync_client_buckets_table",{"0000_initial":"finished","0001_add_archived_resources_table":"finished","0002_add_variable_sessions_table":"finished","0003_add_editor_tables":"finished","0004_migrate_ws_session_data":"finished","0005_cleanup_request_response_and_history_body":"finished","0006_add_dbp_to_request_response_and_history":"finished","0007_add_sync_client_buckets_by_order_id_table":"finished","0008_migrate_to_sync_client_buckets_by_order_id":"finished","0009_remove_sync_client_buckets_table":"started"}]
[13327][1564136412928][shared][info]["Migrations: Applying migration","0009_remove_sync_client_buckets_table"]
[13327][1564136412928][shared][info]["Migrations: Upgrading IndexedDB to version","0009_remove_sync_client_buckets_table",6]
[13327][1564136412929][shared][info]["Migrations: Adding pending commit to queue","0009_remove_sync_client_buckets_table"]
[13327][1564136412929][shared][info]["Migrations: Starting migration","0010_add_history_owner"]
[13327][1564136412929][shared][info]["Migrations: Flushing pending migrations for","0010_add_history_owner"]
[13327][1564136412929][shared][info]["Migrations: Flushing pending commit for type","IndexeddbSchemaMigration"]
[13327][1564136412930][shared][info]["Migrations: Committing IndexedDB upgrade"]
[13327][1564136412933][shared][info]["Migrations: Updating status in migration context",{"0000_initial":"finished","0001_add_archived_resources_table":"finished","0002_add_variable_sessions_table":"finished","0003_add_editor_tables":"finished","0004_migrate_ws_session_data":"finished","0005_cleanup_request_response_and_history_body":"finished","0006_add_dbp_to_request_response_and_history":"finished","0007_add_sync_client_buckets_by_order_id_table":"finished","0008_migrate_to_sync_client_buckets_by_order_id":"finished","0009_remove_sync_client_buckets_table":"started"}]
[13327][1564136412934][shared][info]["Migrations: Updated status in migration context",{"0000_initial":"finished","0001_add_archived_resources_table":"finished","0002_add_variable_sessions_table":"finished","0003_add_editor_tables":"finished","0004_migrate_ws_session_data":"finished","0005_cleanup_request_response_and_history_body":"finished","0006_add_dbp_to_request_response_and_history":"finished","0007_add_sync_client_buckets_by_order_id_table":"finished","0008_migrate_to_sync_client_buckets_by_order_id":"finished","0009_remove_sync_client_buckets_table":"finished"}]
[13327][1564136412934][shared][info]["Migrations: Setting context before starting migration","0010_add_history_owner",{"0000_initial":"finished","0001_add_archived_resources_table":"finished","0002_add_variable_sessions_table":"finished","0003_add_editor_tables":"finished","0004_migrate_ws_session_data":"finished","0005_cleanup_request_response_and_history_body":"finished","0006_add_dbp_to_request_response_and_history":"finished","0007_add_sync_client_buckets_by_order_id_table":"finished","0008_migrate_to_sync_client_buckets_by_order_id":"finished","0009_remove_sync_client_buckets_table":"finished","0010_add_history_owner":"started"}]
[13327][1564136412934][shared][info]["Migrations: Applying migration","0010_add_history_owner"]
[13327][1564136412934][shared][info]["Migrations: Processing IndexedDB data migration","0010_add_history_owner"]
[13327][1564136412936][shared][info]["Migrations: Saving migration context after completion","0010_add_history_owner",{"0000_initial":"finished","0001_add_archived_resources_table":"finished","0002_add_variable_sessions_table":"finished","0003_add_editor_tables":"finished","0004_migrate_ws_session_data":"finished","0005_cleanup_request_response_and_history_body":"finished","0006_add_dbp_to_request_response_and_history":"finished","0007_add_sync_client_buckets_by_order_id_table":"finished","0008_migrate_to_sync_client_buckets_by_order_id":"finished","0009_remove_sync_client_buckets_table":"finished","0010_add_history_owner":"started"}]
[13327][1564136412936][shared][info]["Migrations: Starting migration","0011_add_history_response_table"]
[13327][1564136412936][shared][info]["Migrations: Setting context before starting migration","0011_add_history_response_table",{"0000_initial":"finished","0001_add_archived_resources_table":"finished","0002_add_variable_sessions_table":"finished","0003_add_editor_tables":"finished","0004_migrate_ws_session_data":"finished","0005_cleanup_request_response_and_history_body":"finished","0006_add_dbp_to_request_response_and_history":"finished","0007_add_sync_client_buckets_by_order_id_table":"finished","0008_migrate_to_sync_client_buckets_by_order_id":"finished","0009_remove_sync_client_buckets_table":"finished","0010_add_history_owner":"finished","0011_add_history_response_table":"started"}]
[13327][1564136412937][shared][info]["Migrations: Applying migration","0011_add_history_response_table"]
[13327][1564136412937][shared][info]["Migrations: Upgrading IndexedDB to version","0011_add_history_response_table",7]
[13327][1564136412937][shared][info]["Migrations: Adding pending commit to queue","0011_add_history_response_table"]
[13327][1564136412938][shared][info]["Migrations: Starting migration","0012_add_user_data_table"]
[13327][1564136412938][shared][info]["Migrations: Setting context before starting migration","0012_add_user_data_table",{"0000_initial":"finished","0001_add_archived_resources_table":"finished","0002_add_variable_sessions_table":"finished","0003_add_editor_tables":"finished","0004_migrate_ws_session_data":"finished","0005_cleanup_request_response_and_history_body":"finished","0006_add_dbp_to_request_response_and_history":"finished","0007_add_sync_client_buckets_by_order_id_table":"finished","0008_migrate_to_sync_client_buckets_by_order_id":"finished","0009_remove_sync_client_buckets_table":"finished","0010_add_history_owner":"finished","0011_add_history_response_table":"started","0012_add_user_data_table":"started"}]
[13327][1564136412938][shared][info]["Migrations: Applying migration","0012_add_user_data_table"]
[13327][1564136412938][shared][info]["Migrations: Upgrading IndexedDB to version","0012_add_user_data_table",8]
[13327][1564136412939][shared][info]["Migrations: Adding pending commit to queue","0012_add_user_data_table"]
[13327][1564136412939][shared][info]["Migrations: Starting migration","0013_sanitize_request_response_and_history_methods"]
[13327][1564136412939][shared][info]["Migrations: Flushing pending migrations for","0013_sanitize_request_response_and_history_methods"]
[13327][1564136412939][shared][info]["Migrations: Flushing pending commit for type","IndexeddbSchemaMigration"]
[13327][1564136412939][shared][info]["Migrations: Committing IndexedDB upgrade"]
[13327][1564136412946][shared][info]["Migrations: Updating status in migration context",{"0000_initial":"finished","0001_add_archived_resources_table":"finished","0002_add_variable_sessions_table":"finished","0003_add_editor_tables":"finished","0004_migrate_ws_session_data":"finished","0005_cleanup_request_response_and_history_body":"finished","0006_add_dbp_to_request_response_and_history":"finished","0007_add_sync_client_buckets_by_order_id_table":"finished","0008_migrate_to_sync_client_buckets_by_order_id":"finished","0009_remove_sync_client_buckets_table":"finished","0010_add_history_owner":"finished","0011_add_history_response_table":"started","0012_add_user_data_table":"started"}]
[13327][1564136412946][shared][info]["Migrations: Updated status in migration context",{"0000_initial":"finished","0001_add_archived_resources_table":"finished","0002_add_variable_sessions_table":"finished","0003_add_editor_tables":"finished","0004_migrate_ws_session_data":"finished","0005_cleanup_request_response_and_history_body":"finished","0006_add_dbp_to_request_response_and_history":"finished","0007_add_sync_client_buckets_by_order_id_table":"finished","0008_migrate_to_sync_client_buckets_by_order_id":"finished","0009_remove_sync_client_buckets_table":"finished","0010_add_history_owner":"finished","0011_add_history_response_table":"finished","0012_add_user_data_table":"finished"}]
[13327][1564136412947][shared][info]["Migrations: Setting context before starting migration","0013_sanitize_request_response_and_history_methods",{"0000_initial":"finished","0001_add_archived_resources_table":"finished","0002_add_variable_sessions_table":"finished","0003_add_editor_tables":"finished","0004_migrate_ws_session_data":"finished","0005_cleanup_request_response_and_history_body":"finished","0006_add_dbp_to_request_response_and_history":"finished","0007_add_sync_client_buckets_by_order_id_table":"finished","0008_migrate_to_sync_client_buckets_by_order_id":"finished","0009_remove_sync_client_buckets_table":"finished","0010_add_history_owner":"finished","0011_add_history_response_table":"finished","0012_add_user_data_table":"finished","0013_sanitize_request_response_and_history_methods":"started"}]
[13327][1564136412947][shared][info]["Migrations: Applying migration","0013_sanitize_request_response_and_history_methods"]
[13327][1564136412947][shared][info]["Migrations: Processing IndexedDB data migration","0013_sanitize_request_response_and_history_methods"]
[13327][1564136412950][shared][info]["Migrations: Saving migration context after completion","0013_sanitize_request_response_and_history_methods",{"0000_initial":"finished","0001_add_archived_resources_table":"finished","0002_add_variable_sessions_table":"finished","0003_add_editor_tables":"finished","0004_migrate_ws_session_data":"finished","0005_cleanup_request_response_and_history_body":"finished","0006_add_dbp_to_request_response_and_history":"finished","0007_add_sync_client_buckets_by_order_id_table":"finished","0008_migrate_to_sync_client_buckets_by_order_id":"finished","0009_remove_sync_client_buckets_table":"finished","0010_add_history_owner":"finished","0011_add_history_response_table":"finished","0012_add_user_data_table":"finished","0013_sanitize_request_response_and_history_methods":"started"}]
[13327][1564136412950][shared][info]["Migrations: Starting migration","0014_sanitize_response_requestobject_rawmodedata"]
[13327][1564136412950][shared][info]["Migrations: Flushing pending migrations for","0014_sanitize_response_requestobject_rawmodedata"]
[13327][1564136412951][shared][info]["Migrations: Updating status in migration context",{"0000_initial":"finished","0001_add_archived_resources_table":"finished","0002_add_variable_sessions_table":"finished","0003_add_editor_tables":"finished","0004_migrate_ws_session_data":"finished","0005_cleanup_request_response_and_history_body":"finished","0006_add_dbp_to_request_response_and_history":"finished","0007_add_sync_client_buckets_by_order_id_table":"finished","0008_migrate_to_sync_client_buckets_by_order_id":"finished","0009_remove_sync_client_buckets_table":"finished","0010_add_history_owner":"finished","0011_add_history_response_table":"finished","0012_add_user_data_table":"finished","0013_sanitize_request_response_and_history_methods":"finished"}]
[13327][1564136412951][shared][info]["Migrations: Updated status in migration context",{"0000_initial":"finished","0001_add_archived_resources_table":"finished","0002_add_variable_sessions_table":"finished","0003_add_editor_tables":"finished","0004_migrate_ws_session_data":"finished","0005_cleanup_request_response_and_history_body":"finished","0006_add_dbp_to_request_response_and_history":"finished","0007_add_sync_client_buckets_by_order_id_table":"finished","0008_migrate_to_sync_client_buckets_by_order_id":"finished","0009_remove_sync_client_buckets_table":"finished","0010_add_history_owner":"finished","0011_add_history_response_table":"finished","0012_add_user_data_table":"finished","0013_sanitize_request_response_and_history_methods":"finished"}]
[13327][1564136412951][shared][info]["Migrations: Setting context before starting migration","0014_sanitize_response_requestobject_rawmodedata",{"0000_initial":"finished","0001_add_archived_resources_table":"finished","0002_add_variable_sessions_table":"finished","0003_add_editor_tables":"finished","0004_migrate_ws_session_data":"finished","0005_cleanup_request_response_and_history_body":"finished","0006_add_dbp_to_request_response_and_history":"finished","0007_add_sync_client_buckets_by_order_id_table":"finished","0008_migrate_to_sync_client_buckets_by_order_id":"finished","0009_remove_sync_client_buckets_table":"finished","0010_add_history_owner":"finished","0011_add_history_response_table":"finished","0012_add_user_data_table":"finished","0013_sanitize_request_response_and_history_methods":"finished","0014_sanitize_response_requestobject_rawmodedata":"started"}]
[13327][1564136412952][shared][info]["Migrations: Applying migration","0014_sanitize_response_requestobject_rawmodedata"]
[13327][1564136412952][shared][info]["Migrations: Processing IndexedDB data migration","0014_sanitize_response_requestobject_rawmodedata"]
[13327][1564136412953][shared][info]["Migrations: Saving migration context after completion","0014_sanitize_response_requestobject_rawmodedata",{"0000_initial":"finished","0001_add_archived_resources_table":"finished","0002_add_variable_sessions_table":"finished","0003_add_editor_tables":"finished","0004_migrate_ws_session_data":"finished","0005_cleanup_request_response_and_history_body":"finished","0006_add_dbp_to_request_response_and_history":"finished","0007_add_sync_client_buckets_by_order_id_table":"finished","0008_migrate_to_sync_client_buckets_by_order_id":"finished","0009_remove_sync_client_buckets_table":"finished","0010_add_history_owner":"finished","0011_add_history_response_table":"finished","0012_add_user_data_table":"finished","0013_sanitize_request_response_and_history_methods":"finished","0014_sanitize_response_requestobject_rawmodedata":"started"}]
[13327][1564136412953][shared][info]["Migrations: Flushing pending commit steps"]
[13327][1564136412954][shared][info]["Migrations: Updating status in migration context",{"0000_initial":"finished","0001_add_archived_resources_table":"finished","0002_add_variable_sessions_table":"finished","0003_add_editor_tables":"finished","0004_migrate_ws_session_data":"finished","0005_cleanup_request_response_and_history_body":"finished","0006_add_dbp_to_request_response_and_history":"finished","0007_add_sync_client_buckets_by_order_id_table":"finished","0008_migrate_to_sync_client_buckets_by_order_id":"finished","0009_remove_sync_client_buckets_table":"finished","0010_add_history_owner":"finished","0011_add_history_response_table":"finished","0012_add_user_data_table":"finished","0013_sanitize_request_response_and_history_methods":"finished","0014_sanitize_response_requestobject_rawmodedata":"finished"}]
[13327][1564136412954][shared][info]["Migrations: Updated status in migration context",{"0000_initial":"finished","0001_add_archived_resources_table":"finished","0002_add_variable_sessions_table":"finished","0003_add_editor_tables":"finished","0004_migrate_ws_session_data":"finished","0005_cleanup_request_response_and_history_body":"finished","0006_add_dbp_to_request_response_and_history":"finished","0007_add_sync_client_buckets_by_order_id_table":"finished","0008_migrate_to_sync_client_buckets_by_order_id":"finished","0009_remove_sync_client_buckets_table":"finished","0010_add_history_owner":"finished","0011_add_history_response_table":"finished","0012_add_user_data_table":"finished","0013_sanitize_request_response_and_history_methods":"finished","0014_sanitize_response_requestobject_rawmodedata":"finished"}]
[13327][1564136412954][shared][info]["Migration: Finished all migrations"]
[13327][1564136413034][shared][info]["bootstrapModels - Success"]
[13327][1564136413034][shared][info]["WLModels\\x7eboot - Success"]
[13327][1564136413061][shared][info]["initializeConfigurationsValues - Success"]
[13327][1564136413068][shared][info]["Migrate - Bailed out due to:","FRESH_INSTALL"]
[13327][1564136413076][shared][info]["AppModels\\x7eboot - Success"]
[13327][1564136413079][shared][info]["SharedRuntimeListeners\\x7eboot - Success"]
[13327][1564136413085][shared][info]["Sync\\x7eboot - Success"]
[13327][1564136413085][shared][info]["Shared\\x7eboot - Success"]
[13327][1564136413086][shared][info]["booted - shared"]
[14734][1564402453915][shared][info]["EventBus\\x7einitialize - Success"]
[14734][1564402453918][shared][info]["Messaging\\x7eboot - Success"]
[14734][1564402453922][shared][info]["Telemetry\\x7eboot - Success"]
[14734][1564402453923][shared][info]["bootConfigurations\\x7einitialize - Success"]
[14734][1564402453925][shared][info]["Settings\\x7eboot - Success"]
[14734][1564402453925][shared][info]["Migrations: Skipping migrations. No migrations to apply."]
[14734][1564402453994][shared][info]["bootstrapModels - Success"]
[14734][1564402453995][shared][info]["WLModels\\x7eboot - Success"]
[14734][1564402454028][shared][info]["initializeConfigurationsValues - Success"]
[14734][1564402454036][shared][info]["Migrate - Bailed out due to:","FRESH_INSTALL"]
[14734][1564402454044][shared][info]["AppModels\\x7eboot - Success"]
[14734][1564402454046][shared][info]["SharedRuntimeListeners\\x7eboot - Success"]
[14734][1564402454051][shared][info]["Sync\\x7eboot - Success"]
[14734][1564402454052][shared][info]["Shared\\x7eboot - Success"]
[14734][1564402454052][shared][info]["booted - shared"]
