[13327][1564136411555][shell][info]["EventBus\\x7einitialize - Success"]
[13327][1564136411559][shell][info]["shellController\\x7einit: Success"]
[13327][1564136411559][shell][info]["shellMeta\\x7einit: Success"]
[13327][1564136411573][shell][info]["init\\x7esetViewAttributes - Initializing view with opts:",{"id":2,"logPath":"/home/nineleaps/snap/postman/81/.config/Postman/logs","sessionId":13327,"startTime":1564136411070,"type":"shared","partitionId":"default"}]
[13327][1564136411575][shell][info]["init\\x7esetViewAttributes - Success"]
[13327][1564136413270][shell][info]["EventBus\\x7einitialize - Success"]
[13327][1564136413274][shell][info]["shellController\\x7einit: Success"]
[13327][1564136413275][shell][info]["shellMeta\\x7einit: Success"]
[13327][1564136413283][shell][info]["init\\x7esetViewAttributes - Initializing view with opts:",{"allIds":[4],"id":4,"logPath":"/home/nineleaps/snap/postman/81/.config/Postman/logs","primaryId":4,"sessionId":13327,"startTime":1564136413105,"type":"requester","partitionId":"default"}]
[13327][1564136413284][shell][info]["init\\x7esetViewAttributes - Success"]
[14734][1564402453018][shell][info]["EventBus\\x7einitialize - Success"]
[14734][1564402453022][shell][info]["shellController\\x7einit: Success"]
[14734][1564402453022][shell][info]["shellMeta\\x7einit: Success"]
[14734][1564402453031][shell][info]["init\\x7esetViewAttributes - Initializing view with opts:",{"id":2,"logPath":"/home/nineleaps/snap/postman/81/.config/Postman/logs","sessionId":14734,"startTime":1564402452814,"type":"shared","partitionId":"default"}]
[14734][1564402453032][shell][info]["init\\x7esetViewAttributes - Success"]
[14734][1564402454278][shell][info]["EventBus\\x7einitialize - Success"]
[14734][1564402454282][shell][info]["shellController\\x7einit: Success"]
[14734][1564402454283][shell][info]["shellMeta\\x7einit: Success"]
[14734][1564402454290][shell][info]["init\\x7esetViewAttributes - Initializing view with opts:",{"allIds":[3],"id":3,"logPath":"/home/nineleaps/snap/postman/81/.config/Postman/logs","primaryId":3,"sessionId":14734,"startTime":1564402454079,"type":"requester","partitionId":"default"}]
[14734][1564402454292][shell][info]["init\\x7esetViewAttributes - Success"]
