[13327][1564136414211][requester][info]["EventBus\\x7einitialize - Success"]
[13327][1564136414213][requester][info]["Messaging\\x7eboot - Success"]
[13327][1564136414218][requester][info]["Telemetry\\x7eboot - Success"]
[13327][1564136414219][requester][info]["bootConfigurations\\x7einitialize - Success"]
[13327][1564136414220][requester][info]["Settings\\x7eboot - Success"]
[13327][1564136414271][requester][info]["bootstrapModels - Success"]
[13327][1564136414271][requester][info]["WLModels\\x7eboot - Success"]
[13327][1564136414319][requester][info]["Session\\x7eboot - Success"]
[13327][1564136414321][requester][info]["IndependentServices\\x7eboot - Success"]
[13327][1564136414328][requester][info]["AppModels\\x7eboot - Success"]
[13327][1564136414328][requester][info]["RuntimeListeners\\x7eboot- Success"]
[13327][1564136414328][requester][info]["DBWatcher\\x7eboot - Success"]
[13327][1564136414330][requester][info]["ThemeManager\\x7eboot - Success"]
[13327][1564136414331][requester][info]["InAppMessaging\\x7eboot - Success"]
[13327][1564136414331][requester][info]["Store\\x7eboot - Success"]
[13327][1564136414332][requester][info]["Shortcuts\\x7eboot - Success"]
[13327][1564136414333][requester][info]["SyncProxy\\x7eboot - Success"]
[13327][1564136414337][requester][info]["Updater bailed! Running on Snap!"]
[13327][1564136414337][requester][info]["Requester\\x7eboot - Success"]
[13327][1564136414337][requester][info]["booted - requester"]
[14734][1564402455178][requester][info]["EventBus\\x7einitialize - Success"]
[14734][1564402455180][requester][info]["Messaging\\x7eboot - Success"]
[14734][1564402455186][requester][info]["Telemetry\\x7eboot - Success"]
[14734][1564402455187][requester][info]["bootConfigurations\\x7einitialize - Success"]
[14734][1564402455188][requester][info]["Settings\\x7eboot - Success"]
[14734][1564402455236][requester][info]["bootstrapModels - Success"]
[14734][1564402455237][requester][info]["WLModels\\x7eboot - Success"]
[14734][1564402455261][requester][info]["Session\\x7eboot - Success"]
[14734][1564402455265][requester][info]["IndependentServices\\x7eboot - Success"]
[14734][1564402455271][requester][info]["AppModels\\x7eboot - Success"]
[14734][1564402455272][requester][info]["RuntimeListeners\\x7eboot- Success"]
[14734][1564402455272][requester][info]["DBWatcher\\x7eboot - Success"]
[14734][1564402455273][requester][info]["ThemeManager\\x7eboot - Success"]
[14734][1564402455274][requester][info]["InAppMessaging\\x7eboot - Success"]
[14734][1564402455275][requester][info]["Store\\x7eboot - Success"]
[14734][1564402455276][requester][info]["Shortcuts\\x7eboot - Success"]
[14734][1564402455276][requester][info]["SyncProxy\\x7eboot - Success"]
[14734][1564402455286][requester][info]["Updater bailed! Running on Snap!"]
[14734][1564402455286][requester][info]["Requester\\x7eboot - Success"]
[14734][1564402455287][requester][info]["booted - requester"]
